Arguments: 
  /home/gustavo/.nvm/versions/node/v14.17.0/bin/node /home/gustavo/.nvm/versions/node/v14.17.0/bin/yarn add express

PATH: 
  /home/gustavo/anaconda3/bin:/home/gustavo/anaconda3/condabin:/home/gustavo/.zinit/polaris/bin:/home/gustavo/.nvm/versions/node/v14.17.0/bin:/home/gustavo/.local/bin:/usr/local/sbin:/usr/local/bin:/usr/sbin:/usr/bin:/sbin:/bin:/usr/games:/usr/local/games:/snap/bin

Yarn version: 
  1.22.10

Node version: 
  14.17.0

Platform: 
  linux x64

Trace: 
  Error: getaddrinfo EAI_AGAIN registry.yarnpkg.com
      at GetAddrInfoReqWrap.onlookup [as oncomplete] (dns.js:67:26)

npm manifest: 
  {
    "name": "finAPI",
    "version": "1.0.0",
    "main": "index.js",
    "license": "MIT"
  }

yarn manifest: 
  No manifest

Lockfile: 
  No lockfile
